C:\Users\ricoi\source\GestaoPessoa\GestaoPessoa\dist\out-tsc\app\app.component.js
C:\Users\ricoi\source\GestaoPessoa\GestaoPessoa\dist\out-tsc\app\app.component.js.map
C:\Users\ricoi\source\GestaoPessoa\GestaoPessoa\dist\out-tsc\app\@core\model\pessoaModel.js
C:\Users\ricoi\source\GestaoPessoa\GestaoPessoa\dist\out-tsc\app\@core\model\pessoaModel.js.map
C:\Users\ricoi\source\GestaoPessoa\GestaoPessoa\dist\out-tsc\app\@core\service\alerts.service.js
C:\Users\ricoi\source\GestaoPessoa\GestaoPessoa\dist\out-tsc\app\@core\service\alerts.service.js.map
C:\Users\ricoi\source\GestaoPessoa\GestaoPessoa\dist\out-tsc\app\@core\service\pessoa.service.js
C:\Users\ricoi\source\GestaoPessoa\GestaoPessoa\dist\out-tsc\app\@core\service\pessoa.service.js.map
C:\Users\ricoi\source\GestaoPessoa\GestaoPessoa\dist\out-tsc\app\gestaoPessoas\insert\insert.component.js
C:\Users\ricoi\source\GestaoPessoa\GestaoPessoa\dist\out-tsc\app\gestaoPessoas\insert\insert.component.js.map
C:\Users\ricoi\source\GestaoPessoa\GestaoPessoa\dist\out-tsc\app\gestaoPessoas\list\list.component.js
C:\Users\ricoi\source\GestaoPessoa\GestaoPessoa\dist\out-tsc\app\gestaoPessoas\list\list.component.js.map
C:\Users\ricoi\source\GestaoPessoa\GestaoPessoa\dist\out-tsc\app\app-routing.module.js
C:\Users\ricoi\source\GestaoPessoa\GestaoPessoa\dist\out-tsc\app\app-routing.module.js.map
C:\Users\ricoi\source\GestaoPessoa\GestaoPessoa\dist\out-tsc\app\@core\service\api-url-interceptor.service.js
C:\Users\ricoi\source\GestaoPessoa\GestaoPessoa\dist\out-tsc\app\@core\service\api-url-interceptor.service.js.map
C:\Users\ricoi\source\GestaoPessoa\GestaoPessoa\dist\out-tsc\app\app.module.js
C:\Users\ricoi\source\GestaoPessoa\GestaoPessoa\dist\out-tsc\app\app.module.js.map
C:\Users\ricoi\source\GestaoPessoa\GestaoPessoa\dist\out-tsc\environments\environment.js
C:\Users\ricoi\source\GestaoPessoa\GestaoPessoa\dist\out-tsc\environments\environment.js.map
C:\Users\ricoi\source\GestaoPessoa\GestaoPessoa\dist\out-tsc\main.js
C:\Users\ricoi\source\GestaoPessoa\GestaoPessoa\dist\out-tsc\main.js.map
C:\Users\ricoi\source\GestaoPessoa\GestaoPessoa\dist\out-tsc\polyfills.js
C:\Users\ricoi\source\GestaoPessoa\GestaoPessoa\dist\out-tsc\polyfills.js.map
C:\Users\ricoi\source\GestaoPessoa\GestaoPessoa\dist\out-tsc\test.js
C:\Users\ricoi\source\GestaoPessoa\GestaoPessoa\dist\out-tsc\test.js.map
C:\Users\ricoi\source\GestaoPessoa\GestaoPessoa\dist\out-tsc\environments\environment.prod.js
C:\Users\ricoi\source\GestaoPessoa\GestaoPessoa\dist\out-tsc\environments\environment.prod.js.map
